# JRE version: Java(TM) SE Runtime Environment (8.0_91-b14) (build 1.8.0_91-b14)
# Java VM: Java HotSpot(TM) 64-Bit Server VM (25.91-b14 mixed mode linux-amd64 compressed oops)
Heap:
 PSYoungGen      total 232960K, used 28055K [0x00000000eab00000, 0x0000000100000000, 0x0000000100000000)
  eden space 116736K, 0% used [0x00000000eab00000,0x00000000eab00000,0x00000000f1d00000)
  from space 116224K, 24% used [0x00000000f1d00000,0x00000000f3865c80,0x00000000f8e80000)
  to   space 116224K, 0% used [0x00000000f8e80000,0x00000000f8e80000,0x0000000100000000)
 ParOldGen       total 385024K, used 384858K [0x00000000c0000000, 0x00000000d7800000, 0x00000000eab00000)
  object space 385024K, 99% used [0x00000000c0000000,0x00000000d77d68f8,0x00000000d7800000)
 Metaspace       used 5960K, capacity 6872K, committed 7168K, reserved 1056768K
  class space    used 601K, capacity 656K, committed 768K, reserved 1048576K
GC Heap History (10 events):
Event: 31.413 GC heap after
Heap after GC invocations=10 (full 3):
 PSYoungGen      total 229888K, used 58828K [0x00000000eab00000, 0x00000000ffc80000, 0x0000000100000000)
  eden space 141312K, 0% used [0x00000000eab00000,0x00000000eab00000,0x00000000f3500000)
  from space 88576K, 66% used [0x00000000f3500000,0x00000000f6e730e0,0x00000000f8b80000)
  to   space 90624K, 0% used [0x00000000fa400000,0x00000000fa400000,0x00000000ffc80000)
 ParOldGen       total 385024K, used 170316K [0x00000000c0000000, 0x00000000d7800000, 0x00000000eab00000)
  object space 385024K, 44% used [0x00000000c0000000,0x00000000ca653378,0x00000000d7800000)
 Metaspace       used 5929K, capacity 6872K, committed 7168K, reserved 1056768K
  class space    used 601K, capacity 656K, committed 768K, reserved 1048576K
}
Event: 49.894 GC heap before
{Heap before GC invocations=11 (full 3):
 PSYoungGen      total 229888K, used 200140K [0x00000000eab00000, 0x00000000ffc80000, 0x0000000100000000)
  eden space 141312K, 100% used [0x00000000eab00000,0x00000000f3500000,0x00000000f3500000)
  from space 88576K, 66% used [0x00000000f3500000,0x00000000f6e730e0,0x00000000f8b80000)
  to   space 90624K, 0% used [0x00000000fa400000,0x00000000fa400000,0x00000000ffc80000)
 ParOldGen       total 385024K, used 170316K [0x00000000c0000000, 0x00000000d7800000, 0x00000000eab00000)
  object space 385024K, 44% used [0x00000000c0000000,0x00000000ca653378,0x00000000d7800000)
 Metaspace       used 5947K, capacity 6872K, committed 7168K, reserved 1056768K
  class space    used 601K, capacity 656K, committed 768K, reserved 1048576K
Event: 50.181 GC heap after
Heap after GC invocations=11 (full 3):
 PSYoungGen      total 253952K, used 59238K [0x00000000eab00000, 0x00000000ffe00000, 0x0000000100000000)
  eden space 163328K, 0% used [0x00000000eab00000,0x00000000eab00000,0x00000000f4a80000)
  from space 90624K, 65% used [0x00000000fa400000,0x00000000fddd9a78,0x00000000ffc80000)
  to   space 91648K, 0% used [0x00000000f4a80000,0x00000000f4a80000,0x00000000fa400000)
 ParOldGen       total 385024K, used 170316K [0x00000000c0000000, 0x00000000d7800000, 0x00000000eab00000)
  object space 385024K, 44% used [0x00000000c0000000,0x00000000ca653378,0x00000000d7800000)
 Metaspace       used 5947K, capacity 6872K, committed 7168K, reserved 1056768K
  class space    used 601K, capacity 656K, committed 768K, reserved 1048576K
}
Event: 65.586 GC heap before
{Heap before GC invocations=12 (full 3):
 PSYoungGen      total 253952K, used 222566K [0x00000000eab00000, 0x00000000ffe00000, 0x0000000100000000)
  eden space 163328K, 100% used [0x00000000eab00000,0x00000000f4a80000,0x00000000f4a80000)
  from space 90624K, 65% used [0x00000000fa400000,0x00000000fddd9a78,0x00000000ffc80000)
  to   space 91648K, 0% used [0x00000000f4a80000,0x00000000f4a80000,0x00000000fa400000)
 ParOldGen       total 385024K, used 170316K [0x00000000c0000000, 0x00000000d7800000, 0x00000000eab00000)
  object space 385024K, 44% used [0x00000000c0000000,0x00000000ca653378,0x00000000d7800000)
 Metaspace       used 5954K, capacity 6872K, committed 7168K, reserved 1056768K
  class space    used 601K, capacity 656K, committed 768K, reserved 1048576K
Event: 66.959 GC heap after
Heap after GC invocations=12 (full 3):
 PSYoungGen      total 254976K, used 63167K [0x00000000eab00000, 0x0000000100000000, 0x0000000100000000)
  eden space 163328K, 0% used [0x00000000eab00000,0x00000000eab00000,0x00000000f4a80000)
  from space 91648K, 68% used [0x00000000f4a80000,0x00000000f882ffc8,0x00000000fa400000)
  to   space 93696K, 0% used [0x00000000fa480000,0x00000000fa480000,0x0000000100000000)
 ParOldGen       total 385024K, used 170316K [0x00000000c0000000, 0x00000000d7800000, 0x00000000eab00000)
  object space 385024K, 44% used [0x00000000c0000000,0x00000000ca653378,0x00000000d7800000)
 Metaspace       used 5954K, capacity 6872K, committed 7168K, reserved 1056768K
  class space    used 601K, capacity 656K, committed 768K, reserved 1048576K
}
Event: 68.960 GC heap before
{Heap before GC invocations=13 (full 3):
 PSYoungGen      total 254976K, used 226495K [0x00000000eab00000, 0x0000000100000000, 0x0000000100000000)
  eden space 163328K, 100% used [0x00000000eab00000,0x00000000f4a80000,0x00000000f4a80000)
  from space 91648K, 68% used [0x00000000f4a80000,0x00000000f882ffc8,0x00000000fa400000)
  to   space 93696K, 0% used [0x00000000fa480000,0x00000000fa480000,0x0000000100000000)
 ParOldGen       total 385024K, used 170316K [0x00000000c0000000, 0x00000000d7800000, 0x00000000eab00000)
  object space 385024K, 44% used [0x00000000c0000000,0x00000000ca653378,0x00000000d7800000)
 Metaspace       used 5960K, capacity 6872K, committed 7168K, reserved 1056768K
  class space    used 601K, capacity 656K, committed 768K, reserved 1048576K
Event: 71.509 GC heap after
Heap after GC invocations=13 (full 3):
 PSYoungGen      total 210432K, used 93674K [0x00000000eab00000, 0x0000000100000000, 0x0000000100000000)
  eden space 116736K, 0% used [0x00000000eab00000,0x00000000eab00000,0x00000000f1d00000)
  from space 93696K, 99% used [0x00000000fa480000,0x00000000ffffaaf0,0x0000000100000000)
  to   space 116224K, 0% used [0x00000000f1d00000,0x00000000f1d00000,0x00000000f8e80000)
 ParOldGen       total 385024K, used 269898K [0x00000000c0000000, 0x00000000d7800000, 0x00000000eab00000)
  object space 385024K, 70% used [0x00000000c0000000,0x00000000d0792b28,0x00000000d7800000)
 Metaspace       used 5960K, capacity 6872K, committed 7168K, reserved 1056768K
  class space    used 601K, capacity 656K, committed 768K, reserved 1048576K
}
Event: 71.739 GC heap before
{Heap before GC invocations=14 (full 3):
 PSYoungGen      total 210432K, used 210410K [0x00000000eab00000, 0x0000000100000000, 0x0000000100000000)
  eden space 116736K, 100% used [0x00000000eab00000,0x00000000f1d00000,0x00000000f1d00000)
  from space 93696K, 99% used [0x00000000fa480000,0x00000000ffffaaf0,0x0000000100000000)
  to   space 116224K, 0% used [0x00000000f1d00000,0x00000000f1d00000,0x00000000f8e80000)
 ParOldGen       total 385024K, used 269898K [0x00000000c0000000, 0x00000000d7800000, 0x00000000eab00000)
  object space 385024K, 70% used [0x00000000c0000000,0x00000000d0792b28,0x00000000d7800000)
 Metaspace       used 5960K, capacity 6872K, committed 7168K, reserved 1056768K
  class space    used 601K, capacity 656K, committed 768K, reserved 1048576K
Event: 71.865 GC heap after
Heap after GC invocations=14 (full 3):
 PSYoungGen      total 232960K, used 116202K [0x00000000eab00000, 0x0000000100000000, 0x0000000100000000)
  eden space 116736K, 0% used [0x00000000eab00000,0x00000000eab00000,0x00000000f1d00000)
  from space 116224K, 99% used [0x00000000f1d00000,0x00000000f8e7aaf0,0x00000000f8e80000)
  to   space 116224K, 0% used [0x00000000f8e80000,0x00000000f8e80000,0x0000000100000000)
 ParOldGen       total 385024K, used 319522K [0x00000000c0000000, 0x00000000d7800000, 0x00000000eab00000)
  object space 385024K, 82% used [0x00000000c0000000,0x00000000d3808b28,0x00000000d7800000)
 Metaspace       used 5960K, capacity 6872K, committed 7168K, reserved 1056768K
  class space    used 601K, capacity 656K, committed 768K, reserved 1048576K
}
Event: 71.865 GC heap before
{Heap before GC invocations=15 (full 4):
 PSYoungGen      total 232960K, used 116202K [0x00000000eab00000, 0x0000000100000000, 0x0000000100000000)
  eden space 116736K, 0% used [0x00000000eab00000,0x00000000eab00000,0x00000000f1d00000)
  from space 116224K, 99% used [0x00000000f1d00000,0x00000000f8e7aaf0,0x00000000f8e80000)
  to   space 116224K, 0% used [0x00000000f8e80000,0x00000000f8e80000,0x0000000100000000)
 ParOldGen       total 385024K, used 319522K [0x00000000c0000000, 0x00000000d7800000, 0x00000000eab00000)
  object space 385024K, 82% used [0x00000000c0000000,0x00000000d3808b28,0x00000000d7800000)
 Metaspace       used 5960K, capacity 6872K, committed 7168K, reserved 1056768K
  class space    used 601K, capacity 656K, committed 768K, reserved 1048576K

