# JRE version: Java(TM) SE Runtime Environment (8.0_91-b14) (build 1.8.0_91-b14)
# Java VM: Java HotSpot(TM) 64-Bit Server VM (25.91-b14 mixed mode linux-amd64 compressed oops)
Heap:
 PSYoungGen      total 232960K, used 0K [0x00000000eab00000, 0x0000000100000000, 0x0000000100000000)
  eden space 116736K, 0% used [0x00000000eab00000,0x00000000eab00000,0x00000000f1d00000)
  from space 116224K, 0% used [0x00000000f8e80000,0x00000000f8e80000,0x0000000100000000)
  to   space 116224K, 0% used [0x00000000f1d00000,0x00000000f1d00000,0x00000000f8e80000)
 ParOldGen       total 537088K, used 441428K [0x00000000c0000000, 0x00000000e0c80000, 0x00000000eab00000)
  object space 537088K, 82% used [0x00000000c0000000,0x00000000daf15318,0x00000000e0c80000)
 Metaspace       used 6000K, capacity 6936K, committed 7168K, reserved 1056768K
  class space    used 604K, capacity 656K, committed 768K, reserved 1048576K
GC Heap History (10 events):
Event: 113.289 GC heap after
Heap after GC invocations=13 (full 2):
 PSYoungGen      total 232960K, used 100048K [0x00000000eab00000, 0x0000000100000000, 0x0000000100000000)
  eden space 116736K, 0% used [0x00000000eab00000,0x00000000eab00000,0x00000000f1d00000)
  from space 116224K, 86% used [0x00000000f1d00000,0x00000000f7eb42a0,0x00000000f8e80000)
  to   space 116224K, 0% used [0x00000000f8e80000,0x00000000f8e80000,0x0000000100000000)
 ParOldGen       total 333312K, used 239806K [0x00000000c0000000, 0x00000000d4580000, 0x00000000eab00000)
  object space 333312K, 71% used [0x00000000c0000000,0x00000000cea2f980,0x00000000d4580000)
 Metaspace       used 5996K, capacity 6936K, committed 7168K, reserved 1056768K
  class space    used 604K, capacity 656K, committed 768K, reserved 1048576K
}
Event: 113.307 GC heap before
{Heap before GC invocations=14 (full 2):
 PSYoungGen      total 232960K, used 216784K [0x00000000eab00000, 0x0000000100000000, 0x0000000100000000)
  eden space 116736K, 100% used [0x00000000eab00000,0x00000000f1d00000,0x00000000f1d00000)
  from space 116224K, 86% used [0x00000000f1d00000,0x00000000f7eb42a0,0x00000000f8e80000)
  to   space 116224K, 0% used [0x00000000f8e80000,0x00000000f8e80000,0x0000000100000000)
 ParOldGen       total 333312K, used 239806K [0x00000000c0000000, 0x00000000d4580000, 0x00000000eab00000)
  object space 333312K, 71% used [0x00000000c0000000,0x00000000cea2f980,0x00000000d4580000)
 Metaspace       used 5996K, capacity 6936K, committed 7168K, reserved 1056768K
  class space    used 604K, capacity 656K, committed 768K, reserved 1048576K
Event: 113.419 GC heap after
Heap after GC invocations=14 (full 2):
 PSYoungGen      total 232960K, used 116208K [0x00000000eab00000, 0x0000000100000000, 0x0000000100000000)
  eden space 116736K, 0% used [0x00000000eab00000,0x00000000eab00000,0x00000000f1d00000)
  from space 116224K, 99% used [0x00000000f8e80000,0x00000000ffffc290,0x0000000100000000)
  to   space 116224K, 0% used [0x00000000f1d00000,0x00000000f1d00000,0x00000000f8e80000)
 ParOldGen       total 333312K, used 301758K [0x00000000c0000000, 0x00000000d4580000, 0x00000000eab00000)
  object space 333312K, 90% used [0x00000000c0000000,0x00000000d26af990,0x00000000d4580000)
 Metaspace       used 5996K, capacity 6936K, committed 7168K, reserved 1056768K
  class space    used 604K, capacity 656K, committed 768K, reserved 1048576K
}
Event: 113.419 GC heap before
{Heap before GC invocations=15 (full 3):
 PSYoungGen      total 232960K, used 116208K [0x00000000eab00000, 0x0000000100000000, 0x0000000100000000)
  eden space 116736K, 0% used [0x00000000eab00000,0x00000000eab00000,0x00000000f1d00000)
  from space 116224K, 99% used [0x00000000f8e80000,0x00000000ffffc290,0x0000000100000000)
  to   space 116224K, 0% used [0x00000000f1d00000,0x00000000f1d00000,0x00000000f8e80000)
 ParOldGen       total 333312K, used 301758K [0x00000000c0000000, 0x00000000d4580000, 0x00000000eab00000)
  object space 333312K, 90% used [0x00000000c0000000,0x00000000d26af990,0x00000000d4580000)
 Metaspace       used 5996K, capacity 6936K, committed 7168K, reserved 1056768K
  class space    used 604K, capacity 656K, committed 768K, reserved 1048576K
Event: 114.583 GC heap after
Heap after GC invocations=15 (full 3):
 PSYoungGen      total 232960K, used 65727K [0x00000000eab00000, 0x0000000100000000, 0x0000000100000000)
  eden space 116736K, 0% used [0x00000000eab00000,0x00000000eab00000,0x00000000f1d00000)
  from space 116224K, 56% used [0x00000000f8e80000,0x00000000fceafc18,0x0000000100000000)
  to   space 116224K, 0% used [0x00000000f1d00000,0x00000000f1d00000,0x00000000f8e80000)
 ParOldGen       total 537088K, used 333217K [0x00000000c0000000, 0x00000000e0c80000, 0x00000000eab00000)
  object space 537088K, 62% used [0x00000000c0000000,0x00000000d4568530,0x00000000e0c80000)
 Metaspace       used 5996K, capacity 6936K, committed 7168K, reserved 1056768K
  class space    used 604K, capacity 656K, committed 768K, reserved 1048576K
}
Event: 114.827 GC heap before
{Heap before GC invocations=16 (full 3):
 PSYoungGen      total 232960K, used 182463K [0x00000000eab00000, 0x0000000100000000, 0x0000000100000000)
  eden space 116736K, 100% used [0x00000000eab00000,0x00000000f1d00000,0x00000000f1d00000)
  from space 116224K, 56% used [0x00000000f8e80000,0x00000000fceafc18,0x0000000100000000)
  to   space 116224K, 0% used [0x00000000f1d00000,0x00000000f1d00000,0x00000000f8e80000)
 ParOldGen       total 537088K, used 333217K [0x00000000c0000000, 0x00000000e0c80000, 0x00000000eab00000)
  object space 537088K, 62% used [0x00000000c0000000,0x00000000d4568530,0x00000000e0c80000)
 Metaspace       used 6000K, capacity 6936K, committed 7168K, reserved 1056768K
  class space    used 604K, capacity 656K, committed 768K, reserved 1048576K
Event: 115.008 GC heap after
Heap after GC invocations=16 (full 3):
 PSYoungGen      total 232960K, used 32064K [0x00000000eab00000, 0x0000000100000000, 0x0000000100000000)
  eden space 116736K, 0% used [0x00000000eab00000,0x00000000eab00000,0x00000000f1d00000)
  from space 116224K, 27% used [0x00000000f1d00000,0x00000000f3c50000,0x00000000f8e80000)
  to   space 116224K, 0% used [0x00000000f8e80000,0x00000000f8e80000,0x0000000100000000)
 ParOldGen       total 537088K, used 408089K [0x00000000c0000000, 0x00000000e0c80000, 0x00000000eab00000)
  object space 537088K, 75% used [0x00000000c0000000,0x00000000d8e86530,0x00000000e0c80000)
 Metaspace       used 6000K, capacity 6936K, committed 7168K, reserved 1056768K
  class space    used 604K, capacity 656K, committed 768K, reserved 1048576K
}
Event: 116.028 GC heap before
{Heap before GC invocations=17 (full 3):
 PSYoungGen      total 232960K, used 148800K [0x00000000eab00000, 0x0000000100000000, 0x0000000100000000)
  eden space 116736K, 100% used [0x00000000eab00000,0x00000000f1d00000,0x00000000f1d00000)
  from space 116224K, 27% used [0x00000000f1d00000,0x00000000f3c50000,0x00000000f8e80000)
  to   space 116224K, 0% used [0x00000000f8e80000,0x00000000f8e80000,0x0000000100000000)
 ParOldGen       total 537088K, used 408089K [0x00000000c0000000, 0x00000000e0c80000, 0x00000000eab00000)
  object space 537088K, 75% used [0x00000000c0000000,0x00000000d8e86530,0x00000000e0c80000)
 Metaspace       used 6000K, capacity 6936K, committed 7168K, reserved 1056768K
  class space    used 604K, capacity 656K, committed 768K, reserved 1048576K
Event: 116.168 GC heap after
Heap after GC invocations=17 (full 3):
 PSYoungGen      total 232960K, used 11625K [0x00000000eab00000, 0x0000000100000000, 0x0000000100000000)
  eden space 116736K, 0% used [0x00000000eab00000,0x00000000eab00000,0x00000000f1d00000)
  from space 116224K, 10% used [0x00000000f8e80000,0x00000000f99da410,0x0000000100000000)
  to   space 116224K, 0% used [0x00000000f1d00000,0x00000000f1d00000,0x00000000f8e80000)
 ParOldGen       total 537088K, used 444137K [0x00000000c0000000, 0x00000000e0c80000, 0x00000000eab00000)
  object space 537088K, 82% used [0x00000000c0000000,0x00000000db1ba530,0x00000000e0c80000)
 Metaspace       used 6000K, capacity 6936K, committed 7168K, reserved 1056768K
  class space    used 604K, capacity 656K, committed 768K, reserved 1048576K
}
Event: 116.168 GC heap before
{Heap before GC invocations=18 (full 4):
 PSYoungGen      total 232960K, used 11625K [0x00000000eab00000, 0x0000000100000000, 0x0000000100000000)
  eden space 116736K, 0% used [0x00000000eab00000,0x00000000eab00000,0x00000000f1d00000)
  from space 116224K, 10% used [0x00000000f8e80000,0x00000000f99da410,0x0000000100000000)
  to   space 116224K, 0% used [0x00000000f1d00000,0x00000000f1d00000,0x00000000f8e80000)
 ParOldGen       total 537088K, used 444137K [0x00000000c0000000, 0x00000000e0c80000, 0x00000000eab00000)
  object space 537088K, 82% used [0x00000000c0000000,0x00000000db1ba530,0x00000000e0c80000)
 Metaspace       used 6000K, capacity 6936K, committed 7168K, reserved 1056768K
  class space    used 604K, capacity 656K, committed 768K, reserved 1048576K

